<?xml version="1.0" encoding="UTF-8"?>
<testng-results ignored="0" total="1" passed="1" failed="0" skipped="0">
  <reporter-output>
    <line>
      <![CDATA[Stock-000000315   Stock-000000315]]>
    </line>
    <line>
      <![CDATA[Supplier-00000001183   Supplier-00000001183]]>
    </line>
  </reporter-output>
  <suite started-at="2024-01-30T16:08:14 IST" name="Default suite" finished-at="2024-01-30T16:09:04 IST" duration-ms="49813">
    <groups>
    </groups>
    <test started-at="2024-01-30T16:08:14 IST" name="Default test" finished-at="2024-01-30T16:09:04 IST" duration-ms="49813">
      <class name="driverFactory.AppTest">
        <test-method signature="KickStart()[pri:0, instance:driverFactory.AppTest@6892b3b6]" started-at="2024-01-30T16:08:14 IST" name="KickStart" finished-at="2024-01-30T16:09:04 IST" duration-ms="49739" status="PASS">
          <reporter-output>
            <line>
              <![CDATA[Stock-000000315   Stock-000000315]]>
            </line>
            <line>
              <![CDATA[Supplier-00000001183   Supplier-00000001183]]>
            </line>
          </reporter-output>
        </test-method> <!-- KickStart -->
      </class> <!-- driverFactory.AppTest -->
    </test> <!-- Default test -->
  </suite> <!-- Default suite -->
</testng-results>
